# JRE version: OpenJDK Runtime Environment Temurin-17.0.10+7 (17.0.10+7) (build 17.0.10+7)
# Java VM: OpenJDK 64-Bit Server VM Temurin-17.0.10+7 (17.0.10+7, mixed mode, tiered, compressed oops, compressed class ptrs, parallel gc, windows-amd64)
GC Precious Log:
 CPUs: 8 total, 8 available
 Memory: 15980M
 Large Page Support: Disabled
 NUMA Support: Disabled
 Compressed Oops: Enabled (32-bit)
 Alignments: Space 512K, Generation 512K, Heap 2M
 Heap Min Capacity: 100M
 Heap Initial Capacity: 100M
 Heap Max Capacity: 1G
 Pre-touch: Disabled
 Parallel Workers: 8
Heap:
 PSYoungGen      total 4096K, used 3920K [0x00000000eab00000, 0x00000000eb080000, 0x0000000100000000)
  eden space 2560K, 100% used [0x00000000eab00000,0x00000000ead80000,0x00000000ead80000)
  from space 1536K, 88% used [0x00000000eaf00000,0x00000000eb054010,0x00000000eb080000)
  to   space 1536K, 83% used [0x00000000ead80000,0x00000000eaec0000,0x00000000eaf00000)
 ParOldGen       total 121856K, used 104656K [0x00000000c0000000, 0x00000000c7700000, 0x00000000eab00000)
  object space 121856K, 85% used [0x00000000c0000000,0x00000000c6634118,0x00000000c7700000)
 Metaspace       used 94257K, committed 95424K, reserved 1179648K
  class space    used 9499K, committed 10048K, reserved 1048576K
GC Heap History (20 events):
Event: 6712.224 GC heap after
{Heap after GC invocations=5146 (full 124):
 PSYoungGen      total 2560K, used 826K [0x00000000eab00000, 0x00000000eae80000, 0x0000000100000000)
  eden space 1536K, 0% used [0x00000000eab00000,0x00000000eab00000,0x00000000eac80000)
  from space 1024K, 80% used [0x00000000eac80000,0x00000000ead4e9e0,0x00000000ead80000)
  to   space 1024K, 0% used [0x00000000ead80000,0x00000000ead80000,0x00000000eae80000)
 ParOldGen       total 121856K, used 95476K [0x00000000c0000000, 0x00000000c7700000, 0x00000000eab00000)
  object space 121856K, 78% used [0x00000000c0000000,0x00000000c5d3d0d8,0x00000000c7700000)
 Metaspace       used 94257K, committed 95424K, reserved 1179648K
  class space    used 9499K, committed 10048K, reserved 1048576K
}
Event: 6712.226 GC heap before
{Heap before GC invocations=5147 (full 124):
 PSYoungGen      total 2560K, used 2362K [0x00000000eab00000, 0x00000000eae80000, 0x0000000100000000)
  eden space 1536K, 100% used [0x00000000eab00000,0x00000000eac80000,0x00000000eac80000)
  from space 1024K, 80% used [0x00000000eac80000,0x00000000ead4e9e0,0x00000000ead80000)
  to   space 1024K, 0% used [0x00000000ead80000,0x00000000ead80000,0x00000000eae80000)
 ParOldGen       total 121856K, used 95476K [0x00000000c0000000, 0x00000000c7700000, 0x00000000eab00000)
  object space 121856K, 78% used [0x00000000c0000000,0x00000000c5d3d0d8,0x00000000c7700000)
 Metaspace       used 94257K, committed 95424K, reserved 1179648K
  class space    used 9499K, committed 10048K, reserved 1048576K
}
Event: 6712.227 GC heap after
{Heap after GC invocations=5147 (full 124):
 PSYoungGen      total 1536K, used 1024K [0x00000000eab00000, 0x00000000eb180000, 0x0000000100000000)
  eden space 512K, 0% used [0x00000000eab00000,0x00000000eab00000,0x00000000eab80000)
  from space 1024K, 100% used [0x00000000ead80000,0x00000000eae80000,0x00000000eae80000)
  to   space 2048K, 0% used [0x00000000eab80000,0x00000000eab80000,0x00000000ead80000)
 ParOldGen       total 121856K, used 96677K [0x00000000c0000000, 0x00000000c7700000, 0x00000000eab00000)
  object space 121856K, 79% used [0x00000000c0000000,0x00000000c5e694f8,0x00000000c7700000)
 Metaspace       used 94257K, committed 95424K, reserved 1179648K
  class space    used 9499K, committed 10048K, reserved 1048576K
}
Event: 6712.228 GC heap before
{Heap before GC invocations=5148 (full 124):
 PSYoungGen      total 1536K, used 1536K [0x00000000eab00000, 0x00000000eb180000, 0x0000000100000000)
  eden space 512K, 100% used [0x00000000eab00000,0x00000000eab80000,0x00000000eab80000)
  from space 1024K, 100% used [0x00000000ead80000,0x00000000eae80000,0x00000000eae80000)
  to   space 2048K, 0% used [0x00000000eab80000,0x00000000eab80000,0x00000000ead80000)
 ParOldGen       total 121856K, used 96677K [0x00000000c0000000, 0x00000000c7700000, 0x00000000eab00000)
  object space 121856K, 79% used [0x00000000c0000000,0x00000000c5e694f8,0x00000000c7700000)
 Metaspace       used 94257K, committed 95424K, reserved 1179648K
  class space    used 9499K, committed 10048K, reserved 1048576K
}
Event: 6712.229 GC heap after
{Heap after GC invocations=5148 (full 124):
 PSYoungGen      total 2560K, used 544K [0x00000000eab00000, 0x00000000eaf00000, 0x0000000100000000)
  eden space 512K, 0% used [0x00000000eab00000,0x00000000eab00000,0x00000000eab80000)
  from space 2048K, 26% used [0x00000000eab80000,0x00000000eac08000,0x00000000ead80000)
  to   space 1536K, 0% used [0x00000000ead80000,0x00000000ead80000,0x00000000eaf00000)
 ParOldGen       total 121856K, used 97733K [0x00000000c0000000, 0x00000000c7700000, 0x00000000eab00000)
  object space 121856K, 80% used [0x00000000c0000000,0x00000000c5f714f8,0x00000000c7700000)
 Metaspace       used 94257K, committed 95424K, reserved 1179648K
  class space    used 9499K, committed 10048K, reserved 1048576K
}
Event: 6712.231 GC heap before
{Heap before GC invocations=5149 (full 124):
 PSYoungGen      total 2560K, used 963K [0x00000000eab00000, 0x00000000eaf00000, 0x0000000100000000)
  eden space 512K, 81% used [0x00000000eab00000,0x00000000eab68ef8,0x00000000eab80000)
  from space 2048K, 26% used [0x00000000eab80000,0x00000000eac08000,0x00000000ead80000)
  to   space 1536K, 0% used [0x00000000ead80000,0x00000000ead80000,0x00000000eaf00000)
 ParOldGen       total 121856K, used 97733K [0x00000000c0000000, 0x00000000c7700000, 0x00000000eab00000)
  object space 121856K, 80% used [0x00000000c0000000,0x00000000c5f714f8,0x00000000c7700000)
 Metaspace       used 94257K, committed 95424K, reserved 1179648K
  class space    used 9499K, committed 10048K, reserved 1048576K
}
Event: 6712.232 GC heap after
{Heap after GC invocations=5149 (full 124):
 PSYoungGen      total 1536K, used 512K [0x00000000eab00000, 0x00000000eae00000, 0x0000000100000000)
  eden space 1024K, 0% used [0x00000000eab00000,0x00000000eab00000,0x00000000eac00000)
  from space 512K, 100% used [0x00000000ead80000,0x00000000eae00000,0x00000000eae00000)
  to   space 1024K, 0% used [0x00000000eac00000,0x00000000eac00000,0x00000000ead00000)
 ParOldGen       total 121856K, used 98221K [0x00000000c0000000, 0x00000000c7700000, 0x00000000eab00000)
  object space 121856K, 80% used [0x00000000c0000000,0x00000000c5feb4f8,0x00000000c7700000)
 Metaspace       used 94257K, committed 95424K, reserved 1179648K
  class space    used 9499K, committed 10048K, reserved 1048576K
}
Event: 6712.233 GC heap before
{Heap before GC invocations=5150 (full 124):
 PSYoungGen      total 1536K, used 1536K [0x00000000eab00000, 0x00000000eae00000, 0x0000000100000000)
  eden space 1024K, 100% used [0x00000000eab00000,0x00000000eac00000,0x00000000eac00000)
  from space 512K, 100% used [0x00000000ead80000,0x00000000eae00000,0x00000000eae00000)
  to   space 1024K, 0% used [0x00000000eac00000,0x00000000eac00000,0x00000000ead00000)
 ParOldGen       total 121856K, used 98221K [0x00000000c0000000, 0x00000000c7700000, 0x00000000eab00000)
  object space 121856K, 80% used [0x00000000c0000000,0x00000000c5feb4f8,0x00000000c7700000)
 Metaspace       used 94257K, committed 95424K, reserved 1179648K
  class space    used 9499K, committed 10048K, reserved 1048576K
}
Event: 6712.234 GC heap after
{Heap after GC invocations=5150 (full 124):
 PSYoungGen      total 2048K, used 1023K [0x00000000eab00000, 0x00000000eb080000, 0x0000000100000000)
  eden space 1024K, 0% used [0x00000000eab00000,0x00000000eab00000,0x00000000eac00000)
  from space 1024K, 99% used [0x00000000eac00000,0x00000000eacffdc0,0x00000000ead00000)
  to   space 2048K, 0% used [0x00000000eae80000,0x00000000eae80000,0x00000000eb080000)
 ParOldGen       total 121856K, used 98653K [0x00000000c0000000, 0x00000000c7700000, 0x00000000eab00000)
  object space 121856K, 80% used [0x00000000c0000000,0x00000000c60574f8,0x00000000c7700000)
 Metaspace       used 94257K, committed 95424K, reserved 1179648K
  class space    used 9499K, committed 10048K, reserved 1048576K
}
Event: 6712.236 GC heap before
{Heap before GC invocations=5151 (full 124):
 PSYoungGen      total 2048K, used 2047K [0x00000000eab00000, 0x00000000eb080000, 0x0000000100000000)
  eden space 1024K, 99% used [0x00000000eab00000,0x00000000eabffff0,0x00000000eac00000)
  from space 1024K, 99% used [0x00000000eac00000,0x00000000eacffdc0,0x00000000ead00000)
  to   space 2048K, 0% used [0x00000000eae80000,0x00000000eae80000,0x00000000eb080000)
 ParOldGen       total 121856K, used 98653K [0x00000000c0000000, 0x00000000c7700000, 0x00000000eab00000)
  object space 121856K, 80% used [0x00000000c0000000,0x00000000c60574f8,0x00000000c7700000)
 Metaspace       used 94257K, committed 95424K, reserved 1179648K
  class space    used 9499K, committed 10048K, reserved 1048576K
}
Event: 6712.237 GC heap after
{Heap after GC invocations=5151 (full 124):
 PSYoungGen      total 3072K, used 1088K [0x00000000eab00000, 0x00000000eb000000, 0x0000000100000000)
  eden space 1536K, 0% used [0x00000000eab00000,0x00000000eab00000,0x00000000eac80000)
  from space 1536K, 70% used [0x00000000eae80000,0x00000000eaf90000,0x00000000eb000000)
  to   space 1536K, 0% used [0x00000000ead00000,0x00000000ead00000,0x00000000eae80000)
 ParOldGen       total 121856K, used 99660K [0x00000000c0000000, 0x00000000c7700000, 0x00000000eab00000)
  object space 121856K, 81% used [0x00000000c0000000,0x00000000c61532b8,0x00000000c7700000)
 Metaspace       used 94257K, committed 95424K, reserved 1179648K
  class space    used 9499K, committed 10048K, reserved 1048576K
}
Event: 6712.239 GC heap before
{Heap before GC invocations=5152 (full 124):
 PSYoungGen      total 3072K, used 2616K [0x00000000eab00000, 0x00000000eb000000, 0x0000000100000000)
  eden space 1536K, 99% used [0x00000000eab00000,0x00000000eac7e1f0,0x00000000eac80000)
  from space 1536K, 70% used [0x00000000eae80000,0x00000000eaf90000,0x00000000eb000000)
  to   space 1536K, 0% used [0x00000000ead00000,0x00000000ead00000,0x00000000eae80000)
 ParOldGen       total 121856K, used 99660K [0x00000000c0000000, 0x00000000c7700000, 0x00000000eab00000)
  object space 121856K, 81% used [0x00000000c0000000,0x00000000c61532b8,0x00000000c7700000)
 Metaspace       used 94257K, committed 95424K, reserved 1179648K
  class space    used 9499K, committed 10048K, reserved 1048576K
}
Event: 6712.240 GC heap after
{Heap after GC invocations=5152 (full 124):
 PSYoungGen      total 3584K, used 1120K [0x00000000eab00000, 0x00000000eb000000, 0x0000000100000000)
  eden space 2048K, 0% used [0x00000000eab00000,0x00000000eab00000,0x00000000ead00000)
  from space 1536K, 72% used [0x00000000ead00000,0x00000000eae18010,0x00000000eae80000)
  to   space 1536K, 0% used [0x00000000eae80000,0x00000000eae80000,0x00000000eb000000)
 ParOldGen       total 121856K, used 100692K [0x00000000c0000000, 0x00000000c7700000, 0x00000000eab00000)
  object space 121856K, 82% used [0x00000000c0000000,0x00000000c62552b8,0x00000000c7700000)
 Metaspace       used 94257K, committed 95424K, reserved 1179648K
  class space    used 9499K, committed 10048K, reserved 1048576K
}
Event: 6712.242 GC heap before
{Heap before GC invocations=5153 (full 124):
 PSYoungGen      total 3584K, used 3168K [0x00000000eab00000, 0x00000000eb000000, 0x0000000100000000)
  eden space 2048K, 100% used [0x00000000eab00000,0x00000000ead00000,0x00000000ead00000)
  from space 1536K, 72% used [0x00000000ead00000,0x00000000eae18010,0x00000000eae80000)
  to   space 1536K, 0% used [0x00000000eae80000,0x00000000eae80000,0x00000000eb000000)
 ParOldGen       total 121856K, used 100692K [0x00000000c0000000, 0x00000000c7700000, 0x00000000eab00000)
  object space 121856K, 82% used [0x00000000c0000000,0x00000000c62552b8,0x00000000c7700000)
 Metaspace       used 94257K, committed 95424K, reserved 1179648K
  class space    used 9499K, committed 10048K, reserved 1048576K
}
Event: 6712.243 GC heap after
{Heap after GC invocations=5153 (full 124):
 PSYoungGen      total 3584K, used 1104K [0x00000000eab00000, 0x00000000eb080000, 0x0000000100000000)
  eden space 2048K, 0% used [0x00000000eab00000,0x00000000eab00000,0x00000000ead00000)
  from space 1536K, 71% used [0x00000000eae80000,0x00000000eaf94020,0x00000000eb000000)
  to   space 1536K, 0% used [0x00000000ead00000,0x00000000ead00000,0x00000000eae80000)
 ParOldGen       total 121856K, used 101675K [0x00000000c0000000, 0x00000000c7700000, 0x00000000eab00000)
  object space 121856K, 83% used [0x00000000c0000000,0x00000000c634ae70,0x00000000c7700000)
 Metaspace       used 94257K, committed 95424K, reserved 1179648K
  class space    used 9499K, committed 10048K, reserved 1048576K
}
Event: 6712.245 GC heap before
{Heap before GC invocations=5154 (full 124):
 PSYoungGen      total 3584K, used 3152K [0x00000000eab00000, 0x00000000eb080000, 0x0000000100000000)
  eden space 2048K, 100% used [0x00000000eab00000,0x00000000ead00000,0x00000000ead00000)
  from space 1536K, 71% used [0x00000000eae80000,0x00000000eaf94020,0x00000000eb000000)
  to   space 1536K, 0% used [0x00000000ead00000,0x00000000ead00000,0x00000000eae80000)
 ParOldGen       total 121856K, used 101675K [0x00000000c0000000, 0x00000000c7700000, 0x00000000eab00000)
  object space 121856K, 83% used [0x00000000c0000000,0x00000000c634ae70,0x00000000c7700000)
 Metaspace       used 94257K, committed 95424K, reserved 1179648K
  class space    used 9499K, committed 10048K, reserved 1048576K
}
Event: 6712.246 GC heap after
{Heap after GC invocations=5154 (full 124):
 PSYoungGen      total 3584K, used 1184K [0x00000000eab00000, 0x00000000eb080000, 0x0000000100000000)
  eden space 2048K, 0% used [0x00000000eab00000,0x00000000eab00000,0x00000000ead00000)
  from space 1536K, 77% used [0x00000000ead00000,0x00000000eae28000,0x00000000eae80000)
  to   space 1536K, 0% used [0x00000000eaf00000,0x00000000eaf00000,0x00000000eb080000)
 ParOldGen       total 121856K, used 102635K [0x00000000c0000000, 0x00000000c7700000, 0x00000000eab00000)
  object space 121856K, 84% used [0x00000000c0000000,0x00000000c643aea0,0x00000000c7700000)
 Metaspace       used 94257K, committed 95424K, reserved 1179648K
  class space    used 9499K, committed 10048K, reserved 1048576K
}
Event: 6712.248 GC heap before
{Heap before GC invocations=5155 (full 124):
 PSYoungGen      total 3584K, used 3232K [0x00000000eab00000, 0x00000000eb080000, 0x0000000100000000)
  eden space 2048K, 100% used [0x00000000eab00000,0x00000000ead00000,0x00000000ead00000)
  from space 1536K, 77% used [0x00000000ead00000,0x00000000eae28000,0x00000000eae80000)
  to   space 1536K, 0% used [0x00000000eaf00000,0x00000000eaf00000,0x00000000eb080000)
 ParOldGen       total 121856K, used 102635K [0x00000000c0000000, 0x00000000c7700000, 0x00000000eab00000)
  object space 121856K, 84% used [0x00000000c0000000,0x00000000c643aea0,0x00000000c7700000)
 Metaspace       used 94257K, committed 95424K, reserved 1179648K
  class space    used 9499K, committed 10048K, reserved 1048576K
}
Event: 6712.249 GC heap after
{Heap after GC invocations=5155 (full 124):
 PSYoungGen      total 4096K, used 1360K [0x00000000eab00000, 0x00000000eb080000, 0x0000000100000000)
  eden space 2560K, 0% used [0x00000000eab00000,0x00000000eab00000,0x00000000ead80000)
  from space 1536K, 88% used [0x00000000eaf00000,0x00000000eb054010,0x00000000eb080000)
  to   space 1536K, 0% used [0x00000000ead80000,0x00000000ead80000,0x00000000eaf00000)
 ParOldGen       total 121856K, used 103704K [0x00000000c0000000, 0x00000000c7700000, 0x00000000eab00000)
  object space 121856K, 85% used [0x00000000c0000000,0x00000000c6546118,0x00000000c7700000)
 Metaspace       used 94257K, committed 95424K, reserved 1179648K
  class space    used 9499K, committed 10048K, reserved 1048576K
}
Event: 6712.253 GC heap before
{Heap before GC invocations=5156 (full 124):
 PSYoungGen      total 4096K, used 3920K [0x00000000eab00000, 0x00000000eb080000, 0x0000000100000000)
  eden space 2560K, 100% used [0x00000000eab00000,0x00000000ead80000,0x00000000ead80000)
  from space 1536K, 88% used [0x00000000eaf00000,0x00000000eb054010,0x00000000eb080000)
  to   space 1536K, 0% used [0x00000000ead80000,0x00000000ead80000,0x00000000eaf00000)
 ParOldGen       total 121856K, used 103704K [0x00000000c0000000, 0x00000000c7700000, 0x00000000eab00000)
  object space 121856K, 85% used [0x00000000c0000000,0x00000000c6546118,0x00000000c7700000)
 Metaspace       used 94257K, committed 95424K, reserved 1179648K
  class space    used 9499K, committed 10048K, reserved 1048576K
}

